0 info it worked if it ends with ok
1 verbose cli [ '/usr/local/bin/node', '/usr/local/bin/npm', 'run', 'py3' ]
2 info using npm@3.10.10
3 info using node@v6.9.4
4 verbose run-script [ 'prepy3', 'py3', 'postpy3' ]
5 info lifecycle NoThanks@1.0.0~prepy3: NoThanks@1.0.0
6 silly lifecycle NoThanks@1.0.0~prepy3: no script for prepy3, continuing
7 info lifecycle NoThanks@1.0.0~py3: NoThanks@1.0.0
8 verbose lifecycle NoThanks@1.0.0~py3: unsafe-perm in lifecycle true
9 verbose lifecycle NoThanks@1.0.0~py3: PATH: /usr/local/lib/node_modules/npm/bin/node-gyp-bin:/Users/shawnfeng/Desktop/no-thanks-react/node_modules/.bin:/Users/shawnfeng/Desktop/no-thanks-react/venv/bin:/Library/Frameworks/Python.framework/Versions/3.5/bin:/Users/shawnfeng/.yarn/bin:/Library/Frameworks/Python.framework/Versions/3.6/bin:/Users/shawnfeng/google-cloud-sdk/bin:/Users/shawnsfeng/Library/Android/sdk/tools:/Users/shawnsfeng/Library/Android/sdk/platform-tools:/usr/local/bin:/usr/bin:/bin:/usr/sbin:/sbin
10 verbose lifecycle NoThanks@1.0.0~py3: CWD: /Users/shawnfeng/Desktop/no-thanks-react
11 silly lifecycle NoThanks@1.0.0~py3: Args: [ '-c', 'python3 manage.py runserver' ]
12 silly lifecycle NoThanks@1.0.0~py3: Returned: code: 1  signal: null
13 info lifecycle NoThanks@1.0.0~py3: Failed to exec py3 script
14 verbose stack Error: NoThanks@1.0.0 py3: `python3 manage.py runserver`
14 verbose stack Exit status 1
14 verbose stack     at EventEmitter.<anonymous> (/usr/local/lib/node_modules/npm/lib/utils/lifecycle.js:255:16)
14 verbose stack     at emitTwo (events.js:106:13)
14 verbose stack     at EventEmitter.emit (events.js:191:7)
14 verbose stack     at ChildProcess.<anonymous> (/usr/local/lib/node_modules/npm/lib/utils/spawn.js:40:14)
14 verbose stack     at emitTwo (events.js:106:13)
14 verbose stack     at ChildProcess.emit (events.js:191:7)
14 verbose stack     at maybeClose (internal/child_process.js:877:16)
14 verbose stack     at Process.ChildProcess._handle.onexit (internal/child_process.js:226:5)
15 verbose pkgid NoThanks@1.0.0
16 verbose cwd /Users/shawnfeng/Desktop/no-thanks-react
17 error Darwin 16.7.0
18 error argv "/usr/local/bin/node" "/usr/local/bin/npm" "run" "py3"
19 error node v6.9.4
20 error npm  v3.10.10
21 error code ELIFECYCLE
22 error NoThanks@1.0.0 py3: `python3 manage.py runserver`
22 error Exit status 1
23 error Failed at the NoThanks@1.0.0 py3 script 'python3 manage.py runserver'.
23 error Make sure you have the latest version of node.js and npm installed.
23 error If you do, this is most likely a problem with the NoThanks package,
23 error not with npm itself.
23 error Tell the author that this fails on your system:
23 error     python3 manage.py runserver
23 error You can get information on how to open an issue for this project with:
23 error     npm bugs NoThanks
23 error Or if that isn't available, you can get their info via:
23 error     npm owner ls NoThanks
23 error There is likely additional logging output above.
24 verbose exit [ 1, true ]
